<?xml version="1.0" encoding="UTF-8"?>
<testsuite name="fizzbuzzTest" tests="2" skipped="0" failures="0" errors="0" timestamp="2014-11-18T11:58:43" hostname="Annas-MacBook-Pro.local" time="0.0030">
  <properties/>
  <testcase name="isDivisibleByThree" classname="fizzbuzzTest" time="0.0020"/>
  <testcase name="isNotDivisibleByThree" classname="fizzbuzzTest" time="0.0"/>
  <system-out><![CDATA[]]></system-out>
  <system-err><![CDATA[]]></system-err>
</testsuite>
